<?xml version='1.0' encoding='UTF-8'?>
<testsuite hostname="pyg-2.local" name="com.example.PingPongActorSpec" tests="2" errors="0" failures="0" time="0.044">
                     <properties>
[...]
</properties>
                     <testcase classname="com.example.PingPongActorSpec" name="A Ping actor must send back a ping on a pong" time="0.043">
                                                 
                                               </testcase><testcase classname="com.example.PingPongActorSpec" name="A Pong actor must send back a pong on a ping" time="0.001">
                                                 
                                               </testcase>
                     <system-out></system-out>
                     <system-err></system-err>
                   </testsuite>